{"/Users/nikitadeepakpoyrekar/Documents/Study/repos/nexus/nexus-be/src/data-source.ts": {"path":"/Users/nikitadeepakpoyrekar/Documents/Study/repos/nexus/nexus-be/src/data-source.ts","statementMap":{"0":{"start":{"line":2,"column":0},"end":{"line":2,"column":37}},"1":{"start":{"line":4,"column":0},"end":{"line":4,"column":23}},"2":{"start":{"line":5,"column":0},"end":{"line":5,"column":37}},"3":{"start":{"line":6,"column":0},"end":{"line":6,"column":51}},"4":{"start":{"line":8,"column":13},"end":{"line":20,"column":3}}},"fnMap":{},"branchMap":{"0":{"loc":{"start":{"line":16,"column":9},"end":{"line":16,"column":84}},"type":"cond-expr","locations":[{"start":{"line":16,"column":41},"end":{"line":16,"column":79}},{"start":{"line":16,"column":82},"end":{"line":16,"column":84}}]}},"s":{"0":0,"1":0,"2":0,"3":0,"4":0},"f":{},"b":{"0":[0,0]}}
,"/Users/nikitadeepakpoyrekar/Documents/Study/repos/nexus/nexus-be/src/main.ts": {"path":"/Users/nikitadeepakpoyrekar/Documents/Study/repos/nexus/nexus-be/src/main.ts","statementMap":{"0":{"start":{"line":2,"column":0},"end":{"line":2,"column":43}},"1":{"start":{"line":3,"column":0},"end":{"line":3,"column":45}},"2":{"start":{"line":5,"column":0},"end":{"line":5,"column":33}},"3":{"start":{"line":6,"column":0},"end":{"line":6,"column":16}},"4":{"start":{"line":9,"column":14},"end":{"line":9,"column":49}},"5":{"start":{"line":10,"column":2},"end":{"line":10,"column":19}},"6":{"start":{"line":11,"column":2},"end":{"line":11,"column":56}},"7":{"start":{"line":12,"column":2},"end":{"line":12,"column":66}},"8":{"start":{"line":13,"column":2},"end":{"line":13,"column":55}},"9":{"start":{"line":14,"column":2},"end":{"line":14,"column":47}},"10":{"start":{"line":16,"column":0},"end":{"line":16,"column":12}}},"fnMap":{"0":{"name":"bootstrap","decl":{"start":{"line":8,"column":15},"end":{"line":8,"column":24}},"loc":{"start":{"line":8,"column":24},"end":{"line":15,"column":1}}}},"branchMap":{"0":{"loc":{"start":{"line":11,"column":19},"end":{"line":11,"column":43}},"type":"binary-expr","locations":[{"start":{"line":11,"column":19},"end":{"line":11,"column":35}},{"start":{"line":11,"column":39},"end":{"line":11,"column":43}}]}},"s":{"0":0,"1":0,"2":0,"3":0,"4":0,"5":0,"6":0,"7":0,"8":0,"9":0,"10":0},"f":{"0":0},"b":{"0":[0,0]}}
,"/Users/nikitadeepakpoyrekar/Documents/Study/repos/nexus/nexus-be/src/app/app.controller.ts": {"path":"/Users/nikitadeepakpoyrekar/Documents/Study/repos/nexus/nexus-be/src/app/app.controller.ts","statementMap":{"0":{"start":{"line":1,"column":0},"end":{"line":1,"column":49}},"1":{"start":{"line":2,"column":0},"end":{"line":2,"column":43}},"2":{"start":{"line":5,"column":7},"end":{"line":12,"column":null}},"3":{"start":{"line":6,"column":31},"end":{"line":6,"column":43}},"4":{"start":{"line":10,"column":4},"end":{"line":10,"column":38}},"5":{"start":{"line":5,"column":13},"end":{"line":5,"column":26}},"6":{"start":{"line":9,"column":2},"end":{"line":11,"column":null}},"7":{"start":{"line":5,"column":13},"end":{"line":12,"column":null}}},"fnMap":{"0":{"name":"(anonymous_2)","decl":{"start":{"line":6,"column":2},"end":{"line":6,"column":31}},"loc":{"start":{"line":6,"column":53},"end":{"line":6,"column":57}}},"1":{"name":"(anonymous_3)","decl":{"start":{"line":9,"column":2},"end":{"line":9,"column":10}},"loc":{"start":{"line":9,"column":10},"end":{"line":11,"column":3}}}},"branchMap":{},"s":{"0":1,"1":1,"2":1,"3":1,"4":1,"5":1,"6":1,"7":1},"f":{"0":1,"1":1},"b":{}}
,"/Users/nikitadeepakpoyrekar/Documents/Study/repos/nexus/nexus-be/src/app/app.module.ts": {"path":"/Users/nikitadeepakpoyrekar/Documents/Study/repos/nexus/nexus-be/src/app/app.module.ts","statementMap":{"0":{"start":{"line":4,"column":0},"end":{"line":4,"column":40}},"1":{"start":{"line":5,"column":0},"end":{"line":5,"column":48}},"2":{"start":{"line":6,"column":0},"end":{"line":6,"column":46}},"3":{"start":{"line":8,"column":0},"end":{"line":8,"column":58}},"4":{"start":{"line":9,"column":0},"end":{"line":9,"column":49}},"5":{"start":{"line":10,"column":0},"end":{"line":10,"column":43}},"6":{"start":{"line":32,"column":7},"end":{"line":32,"column":null}},"7":{"start":{"line":32,"column":13},"end":{"line":32,"column":22}},"8":{"start":{"line":32,"column":13},"end":{"line":32,"column":null}}},"fnMap":{},"branchMap":{"0":{"loc":{"start":{"line":23,"column":13},"end":{"line":23,"column":88}},"type":"cond-expr","locations":[{"start":{"line":23,"column":45},"end":{"line":23,"column":83}},{"start":{"line":23,"column":86},"end":{"line":23,"column":88}}]}},"s":{"0":0,"1":0,"2":0,"3":0,"4":0,"5":0,"6":0,"7":0,"8":0},"f":{},"b":{"0":[0,0]}}
,"/Users/nikitadeepakpoyrekar/Documents/Study/repos/nexus/nexus-be/src/app/app.service.ts": {"path":"/Users/nikitadeepakpoyrekar/Documents/Study/repos/nexus/nexus-be/src/app/app.service.ts","statementMap":{"0":{"start":{"line":1,"column":0},"end":{"line":1,"column":44}},"1":{"start":{"line":4,"column":7},"end":{"line":8,"column":null}},"2":{"start":{"line":6,"column":4},"end":{"line":6,"column":26}},"3":{"start":{"line":4,"column":13},"end":{"line":4,"column":23}},"4":{"start":{"line":4,"column":13},"end":{"line":8,"column":null}}},"fnMap":{"0":{"name":"(anonymous_1)","decl":{"start":{"line":5,"column":2},"end":{"line":5,"column":10}},"loc":{"start":{"line":5,"column":10},"end":{"line":7,"column":3}}}},"branchMap":{},"s":{"0":2,"1":2,"2":1,"3":2,"4":2},"f":{"0":1},"b":{}}
,"/Users/nikitadeepakpoyrekar/Documents/Study/repos/nexus/nexus-be/src/listing/create-listing.dto.ts": {"path":"/Users/nikitadeepakpoyrekar/Documents/Study/repos/nexus/nexus-be/src/listing/create-listing.dto.ts","statementMap":{"0":{"start":{"line":3,"column":0},"end":{"line":3,"column":null}},"1":{"start":{"line":13,"column":0},"end":{"line":13,"column":41}},"2":{"start":{"line":15,"column":0},"end":{"line":15,"column":null}},"3":{"start":{"line":16,"column":2},"end":{"line":16,"column":null}},"4":{"start":{"line":17,"column":2},"end":{"line":17,"column":null}},"5":{"start":{"line":18,"column":2},"end":{"line":18,"column":null}},"6":{"start":{"line":19,"column":2},"end":{"line":19,"column":null}},"7":{"start":{"line":22,"column":0},"end":{"line":22,"column":null}},"8":{"start":{"line":23,"column":2},"end":{"line":23,"column":null}},"9":{"start":{"line":24,"column":2},"end":{"line":24,"column":null}},"10":{"start":{"line":25,"column":2},"end":{"line":25,"column":null}},"11":{"start":{"line":30,"column":2},"end":{"line":30,"column":null}},"12":{"start":{"line":33,"column":2},"end":{"line":33,"column":null}},"13":{"start":{"line":37,"column":2},"end":{"line":37,"column":null}},"14":{"start":{"line":42,"column":2},"end":{"line":42,"column":null}},"15":{"start":{"line":45,"column":2},"end":{"line":45,"column":null}},"16":{"start":{"line":48,"column":0},"end":{"line":48,"column":13}},"17":{"start":{"line":51,"column":2},"end":{"line":51,"column":null}},"18":{"start":{"line":54,"column":2},"end":{"line":54,"column":null}},"19":{"start":{"line":58,"column":2},"end":{"line":58,"column":null}},"20":{"start":{"line":61,"column":2},"end":{"line":61,"column":null}},"21":{"start":{"line":64,"column":2},"end":{"line":64,"column":null}},"22":{"start":{"line":67,"column":2},"end":{"line":67,"column":null}},"23":{"start":{"line":70,"column":2},"end":{"line":70,"column":null}},"24":{"start":{"line":73,"column":2},"end":{"line":73,"column":null}},"25":{"start":{"line":77,"column":2},"end":{"line":77,"column":null}},"26":{"start":{"line":76,"column":14},"end":{"line":76,"column":25}},"27":{"start":{"line":80,"column":2},"end":{"line":80,"column":null}},"28":{"start":{"line":86,"column":2},"end":{"line":86,"column":null}},"29":{"start":{"line":85,"column":14},"end":{"line":85,"column":30}},"30":{"start":{"line":89,"column":2},"end":{"line":89,"column":null}},"31":{"start":{"line":92,"column":2},"end":{"line":92,"column":null}},"32":{"start":{"line":95,"column":2},"end":{"line":95,"column":null}},"33":{"start":{"line":98,"column":2},"end":{"line":98,"column":null}},"34":{"start":{"line":102,"column":2},"end":{"line":102,"column":null}},"35":{"start":{"line":106,"column":2},"end":{"line":106,"column":null}},"36":{"start":{"line":110,"column":2},"end":{"line":110,"column":null}},"37":{"start":{"line":114,"column":2},"end":{"line":114,"column":null}},"38":{"start":{"line":118,"column":2},"end":{"line":118,"column":null}},"39":{"start":{"line":121,"column":2},"end":{"line":121,"column":null}},"40":{"start":{"line":124,"column":2},"end":{"line":124,"column":null}},"41":{"start":{"line":128,"column":2},"end":{"line":128,"column":null}},"42":{"start":{"line":131,"column":2},"end":{"line":131,"column":null}},"43":{"start":{"line":134,"column":2},"end":{"line":134,"column":null}}},"fnMap":{"0":{"name":"(anonymous_2)","decl":{"start":{"line":15,"column":0},"end":{"line":15,"column":12}},"loc":{"start":{"line":15,"column":25},"end":{"line":20,"column":1}}},"1":{"name":"(anonymous_3)","decl":{"start":{"line":22,"column":0},"end":{"line":22,"column":12}},"loc":{"start":{"line":22,"column":22},"end":{"line":26,"column":1}}},"2":{"name":"(anonymous_4)","decl":{"start":{"line":76,"column":8},"end":{"line":76,"column":11}},"loc":{"start":{"line":76,"column":14},"end":{"line":76,"column":25}}},"3":{"name":"(anonymous_5)","decl":{"start":{"line":85,"column":8},"end":{"line":85,"column":11}},"loc":{"start":{"line":85,"column":14},"end":{"line":85,"column":30}}}},"branchMap":{"0":{"loc":{"start":{"line":15,"column":12},"end":{"line":15,"column":null}},"type":"binary-expr","locations":[{"start":{"line":15,"column":12},"end":{"line":15,"column":25}},{"start":{"line":15,"column":25},"end":{"line":15,"column":null}}]},"1":{"loc":{"start":{"line":22,"column":12},"end":{"line":22,"column":null}},"type":"binary-expr","locations":[{"start":{"line":22,"column":12},"end":{"line":22,"column":22}},{"start":{"line":22,"column":22},"end":{"line":22,"column":null}}]}},"s":{"0":0,"1":0,"2":0,"3":0,"4":0,"5":0,"6":0,"7":0,"8":0,"9":0,"10":0,"11":0,"12":0,"13":0,"14":0,"15":0,"16":0,"17":0,"18":0,"19":0,"20":0,"21":0,"22":0,"23":0,"24":0,"25":0,"26":0,"27":0,"28":0,"29":0,"30":0,"31":0,"32":0,"33":0,"34":0,"35":0,"36":0,"37":0,"38":0,"39":0,"40":0,"41":0,"42":0,"43":0},"f":{"0":0,"1":0,"2":0,"3":0},"b":{"0":[0,0],"1":[0,0]}}
,"/Users/nikitadeepakpoyrekar/Documents/Study/repos/nexus/nexus-be/src/listing/listing.controller.ts": {"path":"/Users/nikitadeepakpoyrekar/Documents/Study/repos/nexus/nexus-be/src/listing/listing.controller.ts","statementMap":{"0":{"start":{"line":2,"column":0},"end":{"line":2,"column":null}},"1":{"start":{"line":14,"column":0},"end":{"line":14,"column":52}},"2":{"start":{"line":15,"column":0},"end":{"line":15,"column":56}},"3":{"start":{"line":18,"column":7},"end":{"line":71,"column":null}},"4":{"start":{"line":19,"column":31},"end":{"line":19,"column":40}},"5":{"start":{"line":23,"column":4},"end":{"line":23,"column":37}},"6":{"start":{"line":28,"column":21},"end":{"line":28,"column":49}},"7":{"start":{"line":29,"column":4},"end":{"line":32,"column":6}},"8":{"start":{"line":40,"column":6},"end":{"line":42,"column":5}},"9":{"start":{"line":41,"column":6},"end":{"line":41,"column":64}},"10":{"start":{"line":43,"column":21},"end":{"line":43,"column":76}},"11":{"start":{"line":44,"column":4},"end":{"line":47,"column":6}},"12":{"start":{"line":52,"column":30},"end":{"line":52,"column":72}},"13":{"start":{"line":53,"column":4},"end":{"line":56,"column":6}},"14":{"start":{"line":61,"column":4},"end":{"line":61,"column":37}},"15":{"start":{"line":69,"column":4},"end":{"line":69,"column":56}},"16":{"start":{"line":18,"column":13},"end":{"line":18,"column":31}},"17":{"start":{"line":22,"column":2},"end":{"line":24,"column":null}},"18":{"start":{"line":27,"column":8},"end":{"line":33,"column":null}},"19":{"start":{"line":35,"column":10},"end":{"line":48,"column":null}},"20":{"start":{"line":51,"column":8},"end":{"line":57,"column":null}},"21":{"start":{"line":60,"column":2},"end":{"line":62,"column":null}},"22":{"start":{"line":65,"column":2},"end":{"line":70,"column":null}},"23":{"start":{"line":18,"column":13},"end":{"line":71,"column":null}}},"fnMap":{"0":{"name":"(anonymous_4)","decl":{"start":{"line":19,"column":2},"end":{"line":19,"column":31}},"loc":{"start":{"line":19,"column":55},"end":{"line":19,"column":59}}},"1":{"name":"(anonymous_5)","decl":{"start":{"line":22,"column":2},"end":{"line":22,"column":8}},"loc":{"start":{"line":22,"column":39},"end":{"line":24,"column":3}}},"2":{"name":"(anonymous_6)","decl":{"start":{"line":27,"column":2},"end":{"line":27,"column":7}},"loc":{"start":{"line":27,"column":15},"end":{"line":33,"column":3}}},"3":{"name":"(anonymous_7)","decl":{"start":{"line":35,"column":4},"end":{"line":35,"column":9}},"loc":{"start":{"line":38,"column":30},"end":{"line":48,"column":3}}},"4":{"name":"(anonymous_8)","decl":{"start":{"line":51,"column":2},"end":{"line":51,"column":7}},"loc":{"start":{"line":51,"column":29},"end":{"line":57,"column":3}}},"5":{"name":"(anonymous_9)","decl":{"start":{"line":60,"column":2},"end":{"line":60,"column":9}},"loc":{"start":{"line":60,"column":33},"end":{"line":62,"column":3}}},"6":{"name":"(anonymous_10)","decl":{"start":{"line":65,"column":2},"end":{"line":65,"column":16}},"loc":{"start":{"line":67,"column":43},"end":{"line":70,"column":3}}}},"branchMap":{"0":{"loc":{"start":{"line":40,"column":6},"end":{"line":42,"column":5}},"type":"if","locations":[{"start":{"line":40,"column":6},"end":{"line":42,"column":5}}]}},"s":{"0":0,"1":0,"2":0,"3":0,"4":0,"5":0,"6":0,"7":0,"8":0,"9":0,"10":0,"11":0,"12":0,"13":0,"14":0,"15":0,"16":0,"17":0,"18":0,"19":0,"20":0,"21":0,"22":0,"23":0},"f":{"0":0,"1":0,"2":0,"3":0,"4":0,"5":0,"6":0},"b":{"0":[0]}}
,"/Users/nikitadeepakpoyrekar/Documents/Study/repos/nexus/nexus-be/src/listing/listing.entity.ts": {"path":"/Users/nikitadeepakpoyrekar/Documents/Study/repos/nexus/nexus-be/src/listing/listing.entity.ts","statementMap":{"0":{"start":{"line":1,"column":0},"end":{"line":1,"column":65}},"1":{"start":{"line":3,"column":0},"end":{"line":3,"column":null}},"2":{"start":{"line":4,"column":2},"end":{"line":4,"column":null}},"3":{"start":{"line":5,"column":2},"end":{"line":5,"column":null}},"4":{"start":{"line":6,"column":2},"end":{"line":6,"column":null}},"5":{"start":{"line":7,"column":2},"end":{"line":7,"column":null}},"6":{"start":{"line":10,"column":0},"end":{"line":10,"column":null}},"7":{"start":{"line":11,"column":2},"end":{"line":11,"column":null}},"8":{"start":{"line":12,"column":2},"end":{"line":12,"column":null}},"9":{"start":{"line":13,"column":2},"end":{"line":13,"column":null}},"10":{"start":{"line":28,"column":7},"end":{"line":120,"column":null}},"11":{"start":{"line":28,"column":13},"end":{"line":28,"column":20}},"12":{"start":{"line":30,"column":2},"end":{"line":30,"column":null}},"13":{"start":{"line":33,"column":2},"end":{"line":33,"column":null}},"14":{"start":{"line":36,"column":2},"end":{"line":36,"column":null}},"15":{"start":{"line":39,"column":2},"end":{"line":39,"column":null}},"16":{"start":{"line":42,"column":2},"end":{"line":42,"column":null}},"17":{"start":{"line":45,"column":2},"end":{"line":45,"column":null}},"18":{"start":{"line":48,"column":2},"end":{"line":48,"column":null}},"19":{"start":{"line":51,"column":2},"end":{"line":51,"column":null}},"20":{"start":{"line":54,"column":2},"end":{"line":54,"column":null}},"21":{"start":{"line":57,"column":2},"end":{"line":61,"column":null}},"22":{"start":{"line":64,"column":2},"end":{"line":64,"column":null}},"23":{"start":{"line":67,"column":2},"end":{"line":70,"column":null}},"24":{"start":{"line":73,"column":2},"end":{"line":73,"column":null}},"25":{"start":{"line":76,"column":2},"end":{"line":76,"column":null}},"26":{"start":{"line":79,"column":2},"end":{"line":79,"column":null}},"27":{"start":{"line":82,"column":2},"end":{"line":82,"column":null}},"28":{"start":{"line":85,"column":2},"end":{"line":85,"column":null}},"29":{"start":{"line":88,"column":2},"end":{"line":88,"column":null}},"30":{"start":{"line":91,"column":2},"end":{"line":91,"column":null}},"31":{"start":{"line":94,"column":2},"end":{"line":94,"column":null}},"32":{"start":{"line":97,"column":2},"end":{"line":97,"column":null}},"33":{"start":{"line":100,"column":2},"end":{"line":100,"column":null}},"34":{"start":{"line":103,"column":2},"end":{"line":103,"column":null}},"35":{"start":{"line":106,"column":2},"end":{"line":106,"column":null}},"36":{"start":{"line":112,"column":2},"end":{"line":112,"column":null}},"37":{"start":{"line":119,"column":2},"end":{"line":119,"column":null}},"38":{"start":{"line":28,"column":13},"end":{"line":120,"column":null}}},"fnMap":{"0":{"name":"(anonymous_2)","decl":{"start":{"line":3,"column":0},"end":{"line":3,"column":12}},"loc":{"start":{"line":3,"column":25},"end":{"line":8,"column":1}}},"1":{"name":"(anonymous_3)","decl":{"start":{"line":10,"column":0},"end":{"line":10,"column":12}},"loc":{"start":{"line":10,"column":22},"end":{"line":14,"column":1}}}},"branchMap":{"0":{"loc":{"start":{"line":3,"column":12},"end":{"line":3,"column":null}},"type":"binary-expr","locations":[{"start":{"line":3,"column":12},"end":{"line":3,"column":25}},{"start":{"line":3,"column":25},"end":{"line":3,"column":null}}]},"1":{"loc":{"start":{"line":10,"column":12},"end":{"line":10,"column":null}},"type":"binary-expr","locations":[{"start":{"line":10,"column":12},"end":{"line":10,"column":22}},{"start":{"line":10,"column":22},"end":{"line":10,"column":null}}]}},"s":{"0":1,"1":1,"2":1,"3":1,"4":1,"5":1,"6":1,"7":1,"8":1,"9":1,"10":1,"11":1,"12":1,"13":1,"14":1,"15":1,"16":1,"17":1,"18":1,"19":1,"20":1,"21":1,"22":1,"23":1,"24":1,"25":1,"26":1,"27":1,"28":1,"29":1,"30":1,"31":1,"32":1,"33":1,"34":1,"35":1,"36":1,"37":1,"38":1},"f":{"0":1,"1":1},"b":{"0":[1,1],"1":[1,1]}}
,"/Users/nikitadeepakpoyrekar/Documents/Study/repos/nexus/nexus-be/src/listing/listing.module.ts": {"path":"/Users/nikitadeepakpoyrekar/Documents/Study/repos/nexus/nexus-be/src/listing/listing.module.ts","statementMap":{"0":{"start":{"line":1,"column":0},"end":{"line":1,"column":40}},"1":{"start":{"line":2,"column":0},"end":{"line":2,"column":48}},"2":{"start":{"line":3,"column":0},"end":{"line":3,"column":43}},"3":{"start":{"line":4,"column":0},"end":{"line":4,"column":52}},"4":{"start":{"line":5,"column":0},"end":{"line":5,"column":58}},"5":{"start":{"line":12,"column":7},"end":{"line":12,"column":null}},"6":{"start":{"line":12,"column":13},"end":{"line":12,"column":26}},"7":{"start":{"line":12,"column":13},"end":{"line":12,"column":null}}},"fnMap":{},"branchMap":{},"s":{"0":0,"1":0,"2":0,"3":0,"4":0,"5":0,"6":0,"7":0},"f":{},"b":{}}
,"/Users/nikitadeepakpoyrekar/Documents/Study/repos/nexus/nexus-be/src/listing/listing.service.ts": {"path":"/Users/nikitadeepakpoyrekar/Documents/Study/repos/nexus/nexus-be/src/listing/listing.service.ts","statementMap":{"0":{"start":{"line":2,"column":0},"end":{"line":2,"column":63}},"1":{"start":{"line":3,"column":0},"end":{"line":3,"column":51}},"2":{"start":{"line":4,"column":0},"end":{"line":4,"column":62}},"3":{"start":{"line":5,"column":0},"end":{"line":5,"column":55}},"4":{"start":{"line":9,"column":7},"end":{"line":73,"column":null}},"5":{"start":{"line":10,"column":49},"end":{"line":10,"column":55}},"6":{"start":{"line":13,"column":20},"end":{"line":22,"column":6}},"7":{"start":{"line":24,"column":4},"end":{"line":24,"column":35}},"8":{"start":{"line":28,"column":4},"end":{"line":28,"column":28}},"9":{"start":{"line":32,"column":4},"end":{"line":32,"column":39}},"10":{"start":{"line":36,"column":52},"end":{"line":36,"column":54}},"11":{"start":{"line":37,"column":58},"end":{"line":44,"column":6}},"12":{"start":{"line":46,"column":4},"end":{"line":50,"column":5}},"13":{"start":{"line":47,"column":6},"end":{"line":47,"column":98}},"14":{"start":{"line":47,"column":60},"end":{"line":47,"column":94}},"15":{"start":{"line":49,"column":6},"end":{"line":49,"column":43}},"16":{"start":{"line":52,"column":32},"end":{"line":54,"column":6}},"17":{"start":{"line":55,"column":4},"end":{"line":55,"column":20}},"18":{"start":{"line":59,"column":20},"end":{"line":59,"column":53}},"19":{"start":{"line":60,"column":4},"end":{"line":62,"column":5}},"20":{"start":{"line":61,"column":6},"end":{"line":61,"column":69}},"21":{"start":{"line":63,"column":4},"end":{"line":63,"column":36}},"22":{"start":{"line":64,"column":4},"end":{"line":64,"column":35}},"23":{"start":{"line":68,"column":21},"end":{"line":70,"column":6}},"24":{"start":{"line":71,"column":4},"end":{"line":71,"column":39}},"25":{"start":{"line":9,"column":13},"end":{"line":9,"column":28}},"26":{"start":{"line":9,"column":13},"end":{"line":73,"column":null}}},"fnMap":{"0":{"name":"(anonymous_4)","decl":{"start":{"line":10,"column":2},"end":{"line":10,"column":15}},"loc":{"start":{"line":10,"column":74},"end":{"line":10,"column":78}}},"1":{"name":"(anonymous_5)","decl":{"start":{"line":12,"column":2},"end":{"line":12,"column":7}},"loc":{"start":{"line":12,"column":37},"end":{"line":25,"column":3}}},"2":{"name":"(anonymous_6)","decl":{"start":{"line":27,"column":2},"end":{"line":27,"column":9}},"loc":{"start":{"line":27,"column":9},"end":{"line":29,"column":3}}},"3":{"name":"(anonymous_7)","decl":{"start":{"line":31,"column":2},"end":{"line":31,"column":9}},"loc":{"start":{"line":31,"column":20},"end":{"line":33,"column":3}}},"4":{"name":"(anonymous_8)","decl":{"start":{"line":35,"column":2},"end":{"line":35,"column":7}},"loc":{"start":{"line":35,"column":61},"end":{"line":56,"column":3}}},"5":{"name":"(anonymous_9)","decl":{"start":{"line":47,"column":46},"end":{"line":47,"column":55}},"loc":{"start":{"line":47,"column":60},"end":{"line":47,"column":94}}},"6":{"name":"(anonymous_10)","decl":{"start":{"line":58,"column":2},"end":{"line":58,"column":7}},"loc":{"start":{"line":58,"column":54},"end":{"line":65,"column":3}}},"7":{"name":"(anonymous_11)","decl":{"start":{"line":67,"column":2},"end":{"line":67,"column":7}},"loc":{"start":{"line":67,"column":29},"end":{"line":72,"column":3}}}},"branchMap":{"0":{"loc":{"start":{"line":15,"column":18},"end":{"line":15,"column":52}},"type":"binary-expr","locations":[{"start":{"line":15,"column":18},"end":{"line":15,"column":33}},{"start":{"line":15,"column":37},"end":{"line":15,"column":52}}]},"1":{"loc":{"start":{"line":19,"column":21},"end":{"line":19,"column":59}},"type":"binary-expr","locations":[{"start":{"line":19,"column":21},"end":{"line":19,"column":46}},{"start":{"line":19,"column":50},"end":{"line":19,"column":59}}]},"2":{"loc":{"start":{"line":21,"column":18},"end":{"line":21,"column":42}},"type":"binary-expr","locations":[{"start":{"line":21,"column":18},"end":{"line":21,"column":33}},{"start":{"line":21,"column":37},"end":{"line":21,"column":42}}]},"3":{"loc":{"start":{"line":35,"column":30},"end":{"line":35,"column":61}},"type":"default-arg","locations":[{"start":{"line":35,"column":56},"end":{"line":35,"column":61}}]},"4":{"loc":{"start":{"line":46,"column":4},"end":{"line":50,"column":5}},"type":"if","locations":[{"start":{"line":46,"column":4},"end":{"line":50,"column":5}},{"start":{"line":48,"column":11},"end":{"line":50,"column":5}}]},"5":{"loc":{"start":{"line":60,"column":4},"end":{"line":62,"column":5}},"type":"if","locations":[{"start":{"line":60,"column":4},"end":{"line":62,"column":5}}]}},"s":{"0":1,"1":1,"2":1,"3":1,"4":1,"5":6,"6":1,"7":1,"8":1,"9":1,"10":2,"11":2,"12":2,"13":1,"14":6,"15":1,"16":2,"17":2,"18":0,"19":0,"20":0,"21":0,"22":0,"23":1,"24":1,"25":1,"26":1},"f":{"0":6,"1":1,"2":1,"3":1,"4":2,"5":6,"6":0,"7":1},"b":{"0":[1,1],"1":[1,1],"2":[1,1],"3":[1],"4":[1,1],"5":[0]}}
,"/Users/nikitadeepakpoyrekar/Documents/Study/repos/nexus/nexus-be/src/listing/listing/listing.ts": {"path":"/Users/nikitadeepakpoyrekar/Documents/Study/repos/nexus/nexus-be/src/listing/listing/listing.ts","statementMap":{"0":{"start":{"line":1,"column":0},"end":{"line":1,"column":13}}},"fnMap":{},"branchMap":{},"s":{"0":0},"f":{},"b":{}}
,"/Users/nikitadeepakpoyrekar/Documents/Study/repos/nexus/nexus-be/src/migrations/1749050737873-CreateListingsTable.ts": {"path":"/Users/nikitadeepakpoyrekar/Documents/Study/repos/nexus/nexus-be/src/migrations/1749050737873-CreateListingsTable.ts","statementMap":{"0":{"start":{"line":4,"column":11},"end":{"line":4,"column":45}},"1":{"start":{"line":7,"column":8},"end":{"line":10,"column":11}},"2":{"start":{"line":11,"column":8},"end":{"line":14,"column":11}},"3":{"start":{"line":15,"column":8},"end":{"line":18,"column":11}},"4":{"start":{"line":19,"column":8},"end":{"line":22,"column":11}},"5":{"start":{"line":23,"column":8},"end":{"line":26,"column":11}},"6":{"start":{"line":27,"column":8},"end":{"line":30,"column":11}},"7":{"start":{"line":31,"column":8},"end":{"line":34,"column":11}},"8":{"start":{"line":35,"column":8},"end":{"line":38,"column":11}},"9":{"start":{"line":39,"column":8},"end":{"line":42,"column":11}},"10":{"start":{"line":43,"column":8},"end":{"line":46,"column":11}},"11":{"start":{"line":47,"column":8},"end":{"line":50,"column":11}},"12":{"start":{"line":51,"column":8},"end":{"line":54,"column":11}},"13":{"start":{"line":55,"column":8},"end":{"line":58,"column":11}},"14":{"start":{"line":59,"column":8},"end":{"line":62,"column":11}},"15":{"start":{"line":63,"column":8},"end":{"line":66,"column":11}},"16":{"start":{"line":67,"column":8},"end":{"line":70,"column":11}},"17":{"start":{"line":71,"column":8},"end":{"line":74,"column":11}},"18":{"start":{"line":75,"column":8},"end":{"line":78,"column":11}},"19":{"start":{"line":79,"column":8},"end":{"line":82,"column":11}},"20":{"start":{"line":83,"column":8},"end":{"line":86,"column":11}},"21":{"start":{"line":87,"column":8},"end":{"line":90,"column":11}},"22":{"start":{"line":91,"column":8},"end":{"line":94,"column":11}},"23":{"start":{"line":95,"column":8},"end":{"line":98,"column":11}},"24":{"start":{"line":99,"column":8},"end":{"line":102,"column":11}},"25":{"start":{"line":103,"column":8},"end":{"line":106,"column":11}},"26":{"start":{"line":107,"column":8},"end":{"line":109,"column":11}},"27":{"start":{"line":110,"column":8},"end":{"line":113,"column":11}},"28":{"start":{"line":114,"column":8},"end":{"line":116,"column":11}},"29":{"start":{"line":117,"column":8},"end":{"line":120,"column":11}},"30":{"start":{"line":124,"column":8},"end":{"line":126,"column":11}},"31":{"start":{"line":127,"column":8},"end":{"line":129,"column":11}},"32":{"start":{"line":130,"column":8},"end":{"line":132,"column":11}},"33":{"start":{"line":133,"column":8},"end":{"line":135,"column":11}},"34":{"start":{"line":136,"column":8},"end":{"line":138,"column":11}},"35":{"start":{"line":139,"column":8},"end":{"line":141,"column":11}},"36":{"start":{"line":142,"column":8},"end":{"line":144,"column":11}},"37":{"start":{"line":145,"column":8},"end":{"line":147,"column":11}},"38":{"start":{"line":148,"column":8},"end":{"line":150,"column":11}},"39":{"start":{"line":151,"column":8},"end":{"line":153,"column":11}},"40":{"start":{"line":154,"column":8},"end":{"line":156,"column":11}},"41":{"start":{"line":157,"column":8},"end":{"line":159,"column":11}},"42":{"start":{"line":160,"column":8},"end":{"line":162,"column":11}},"43":{"start":{"line":163,"column":8},"end":{"line":165,"column":11}},"44":{"start":{"line":166,"column":8},"end":{"line":168,"column":11}},"45":{"start":{"line":169,"column":8},"end":{"line":171,"column":11}},"46":{"start":{"line":172,"column":8},"end":{"line":174,"column":11}},"47":{"start":{"line":175,"column":8},"end":{"line":177,"column":11}},"48":{"start":{"line":178,"column":8},"end":{"line":180,"column":11}},"49":{"start":{"line":181,"column":8},"end":{"line":183,"column":11}},"50":{"start":{"line":184,"column":8},"end":{"line":186,"column":11}},"51":{"start":{"line":187,"column":8},"end":{"line":189,"column":11}},"52":{"start":{"line":190,"column":8},"end":{"line":192,"column":11}},"53":{"start":{"line":193,"column":8},"end":{"line":195,"column":11}},"54":{"start":{"line":196,"column":8},"end":{"line":198,"column":11}},"55":{"start":{"line":199,"column":8},"end":{"line":201,"column":11}},"56":{"start":{"line":202,"column":8},"end":{"line":204,"column":11}},"57":{"start":{"line":205,"column":8},"end":{"line":207,"column":11}},"58":{"start":{"line":208,"column":8},"end":{"line":210,"column":11}},"59":{"start":{"line":3,"column":0},"end":{"line":3,"column":13}}},"fnMap":{"0":{"name":"(anonymous_0)","decl":{"start":{"line":6,"column":11},"end":{"line":6,"column":16}},"loc":{"start":{"line":6,"column":44},"end":{"line":121,"column":5}}},"1":{"name":"(anonymous_1)","decl":{"start":{"line":123,"column":11},"end":{"line":123,"column":16}},"loc":{"start":{"line":123,"column":46},"end":{"line":211,"column":5}}}},"branchMap":{},"s":{"0":0,"1":0,"2":0,"3":0,"4":0,"5":0,"6":0,"7":0,"8":0,"9":0,"10":0,"11":0,"12":0,"13":0,"14":0,"15":0,"16":0,"17":0,"18":0,"19":0,"20":0,"21":0,"22":0,"23":0,"24":0,"25":0,"26":0,"27":0,"28":0,"29":0,"30":0,"31":0,"32":0,"33":0,"34":0,"35":0,"36":0,"37":0,"38":0,"39":0,"40":0,"41":0,"42":0,"43":0,"44":0,"45":0,"46":0,"47":0,"48":0,"49":0,"50":0,"51":0,"52":0,"53":0,"54":0,"55":0,"56":0,"57":0,"58":0,"59":0},"f":{"0":0,"1":0},"b":{}}
,"/Users/nikitadeepakpoyrekar/Documents/Study/repos/nexus/nexus-be/src/seeds/seedListings.ts": {"path":"/Users/nikitadeepakpoyrekar/Documents/Study/repos/nexus/nexus-be/src/seeds/seedListings.ts","statementMap":{"0":{"start":{"line":3,"column":0},"end":{"line":3,"column":47}},"1":{"start":{"line":4,"column":0},"end":{"line":4,"column":79}},"2":{"start":{"line":7,"column":2},"end":{"line":239,"column":3}},"3":{"start":{"line":8,"column":4},"end":{"line":8,"column":37}},"4":{"start":{"line":10,"column":30},"end":{"line":10,"column":66}},"5":{"start":{"line":12,"column":47},"end":{"line":227,"column":6}},"6":{"start":{"line":229,"column":4},"end":{"line":232,"column":5}},"7":{"start":{"line":230,"column":22},"end":{"line":230,"column":59}},"8":{"start":{"line":231,"column":6},"end":{"line":231,"column":44}},"9":{"start":{"line":234,"column":4},"end":{"line":234,"column":52}},"10":{"start":{"line":236,"column":4},"end":{"line":236,"column":34}},"11":{"start":{"line":238,"column":4},"end":{"line":238,"column":54}},"12":{"start":{"line":242,"column":0},"end":{"line":242,"column":15}}},"fnMap":{"0":{"name":"seedListings","decl":{"start":{"line":6,"column":15},"end":{"line":6,"column":27}},"loc":{"start":{"line":6,"column":27},"end":{"line":240,"column":1}}}},"branchMap":{},"s":{"0":0,"1":0,"2":0,"3":0,"4":0,"5":0,"6":0,"7":0,"8":0,"9":0,"10":0,"11":0,"12":0},"f":{"0":0},"b":{}}
}
